<?xml version="1.0" encoding="UTF-8"?>
<!-- Generated by org.testng.reporters.JUnitXMLReporter -->
<testsuite hostname="DESKTOP-UTNBLA4" ignored="0" name="Default test" tests="5" failures="0" timestamp="04 nov 2018 16:41:12 GMT" time="192.152" errors="0">
  <testcase name="AbrirPaginaSdos" time="0.375" classname="tests.SdosTest01"/>
  <testcase name="EmpleoClick" time="7.564" classname="tests.SdosTest03"/>
  <testcase name="SuscripcionClick" time="6.724" classname="tests.SdosTest05"/>
  <testcase name="NavegarApartados" time="17.402" classname="tests.SdosTest02"/>
  <testcase name="HacerBusqueda" time="3.079" classname="tests.SdosTest04"/>
</testsuite> <!-- Default test -->
