<?xml version="1.0" encoding="UTF-8"?>
<!-- Generated by org.testng.reporters.JUnitXMLReporter -->
<testsuite hostname="DESKTOP-UTNBLA4" ignored="0" name="Test" tests="6" failures="0" timestamp="03 nov 2018 16:37:27 GMT" time="87.821" errors="0">
  <testcase name="AbrirPaginaSdos" time="0.334" classname="tests.SdosTest01"/>
  <testcase name="AbrirPaginaSdos" time="0.377" classname="tests.SdosTest02"/>
  <testcase name="EmpleoClick" time="7.215" classname="tests.SdosTest01"/>
  <testcase name="NavegarApartados" time="23.523" classname="tests.SdosTest01"/>
  <testcase name="HacerBusqueda" time="2.711" classname="tests.SdosTest01"/>
  <testcase name="SuscripcionClick" time="6.511" classname="tests.SdosTest01"/>
</testsuite> <!-- Test -->
