<?xml version="1.0" encoding="UTF-8"?>
<!-- Generated by org.testng.reporters.JUnitXMLReporter -->
<testsuite hostname="DESKTOP-UTNBLA4" ignored="0" name="Test" tests="5" failures="0" timestamp="04 nov 2018 18:56:20 GMT" time="187.687" errors="0">
  <testcase name="HacerBusqueda" time="3.54" classname="tests.SdosTest04"/>
  <testcase name="SuscripcionClick" time="7.329" classname="tests.SdosTest05"/>
  <testcase name="NavegarApartados" time="16.163" classname="tests.SdosTest02"/>
  <testcase name="EmpleoClick" time="6.858" classname="tests.SdosTest03"/>
  <testcase name="AbrirPaginaSdos" time="0.297" classname="tests.SdosTest01"/>
</testsuite> <!-- Test -->
