<?xml version="1.0" encoding="UTF-8"?>
<!-- Generated by org.testng.reporters.JUnitXMLReporter -->
<testsuite hostname="DESKTOP-UTNBLA4" ignored="0" name="Test" tests="5" failures="0" timestamp="04 nov 2018 16:47:20 GMT" time="214.921" errors="0">
  <testcase name="HacerBusqueda" time="3.088" classname="tests.SdosTest04"/>
  <testcase name="SuscripcionClick" time="8.964" classname="tests.SdosTest05"/>
  <testcase name="NavegarApartados" time="20.065" classname="tests.SdosTest02"/>
  <testcase name="EmpleoClick" time="7.474" classname="tests.SdosTest03"/>
  <testcase name="AbrirPaginaSdos" time="0.263" classname="tests.SdosTest01"/>
</testsuite> <!-- Test -->
