<?xml version="1.0" encoding="UTF-8"?>
<testng-results skipped="0" failed="0" ignored="0" total="6" passed="6">
  <reporter-output>
  </reporter-output>
  <suite name="Suite" duration-ms="87821" started-at="2018-11-03T16:36:00Z" finished-at="2018-11-03T16:37:27Z">
    <groups>
    </groups>
    <test name="Test" duration-ms="87821" started-at="2018-11-03T16:36:00Z" finished-at="2018-11-03T16:37:27Z">
      <class name="tests.SdosTest01">
        <test-method status="PASS" signature="setup()[pri:0, instance:tests.SdosTest01@8bd1b6a]" name="setup" is-config="true" duration-ms="23354" started-at="2018-11-03T17:36:00Z" finished-at="2018-11-03T17:36:23Z">
          <reporter-output>
          </reporter-output>
        </test-method> <!-- setup -->
        <test-method status="PASS" signature="setup()[pri:0, instance:tests.SdosTest02@18be83e4]" name="setup" is-config="true" duration-ms="19799" started-at="2018-11-03T17:36:23Z" finished-at="2018-11-03T17:36:43Z">
          <reporter-output>
          </reporter-output>
        </test-method> <!-- setup -->
        <test-method status="PASS" signature="AbrirPaginaSdos()[pri:0, instance:tests.SdosTest01@8bd1b6a]" name="AbrirPaginaSdos" duration-ms="334" started-at="2018-11-03T17:36:43Z" finished-at="2018-11-03T17:36:43Z">
          <reporter-output>
          </reporter-output>
        </test-method> <!-- AbrirPaginaSdos -->
        <test-method status="PASS" signature="EmpleoClick()[pri:1, instance:tests.SdosTest01@8bd1b6a]" name="EmpleoClick" duration-ms="7215" started-at="2018-11-03T17:36:43Z" finished-at="2018-11-03T17:36:51Z">
          <reporter-output>
          </reporter-output>
        </test-method> <!-- EmpleoClick -->
        <test-method status="PASS" signature="NavegarApartados()[pri:2, instance:tests.SdosTest01@8bd1b6a]" name="NavegarApartados" duration-ms="23523" started-at="2018-11-03T17:36:51Z" finished-at="2018-11-03T17:37:14Z">
          <reporter-output>
          </reporter-output>
        </test-method> <!-- NavegarApartados -->
        <test-method status="PASS" signature="HacerBusqueda()[pri:3, instance:tests.SdosTest01@8bd1b6a]" name="HacerBusqueda" duration-ms="2711" started-at="2018-11-03T17:37:14Z" finished-at="2018-11-03T17:37:17Z">
          <reporter-output>
          </reporter-output>
        </test-method> <!-- HacerBusqueda -->
        <test-method status="PASS" signature="SuscripcionClick()[pri:4, instance:tests.SdosTest01@8bd1b6a]" name="SuscripcionClick" duration-ms="6511" started-at="2018-11-03T17:37:17Z" finished-at="2018-11-03T17:37:23Z">
          <reporter-output>
          </reporter-output>
        </test-method> <!-- SuscripcionClick -->
        <test-method status="PASS" signature="tearDown()[pri:0, instance:tests.SdosTest01@8bd1b6a]" name="tearDown" is-config="true" duration-ms="3965" started-at="2018-11-03T17:37:23Z" finished-at="2018-11-03T17:37:27Z">
          <reporter-output>
          </reporter-output>
        </test-method> <!-- tearDown -->
        <test-method status="PASS" signature="tearDown()[pri:0, instance:tests.SdosTest02@18be83e4]" name="tearDown" is-config="true" duration-ms="0" started-at="2018-11-03T17:37:27Z" finished-at="2018-11-03T17:37:27Z">
          <reporter-output>
          </reporter-output>
        </test-method> <!-- tearDown -->
      </class> <!-- tests.SdosTest01 -->
      <class name="tests.SdosTest02">
        <test-method status="PASS" signature="AbrirPaginaSdos()[pri:0, instance:tests.SdosTest02@18be83e4]" name="AbrirPaginaSdos" duration-ms="377" started-at="2018-11-03T17:36:43Z" finished-at="2018-11-03T17:36:43Z">
          <reporter-output>
          </reporter-output>
        </test-method> <!-- AbrirPaginaSdos -->
      </class> <!-- tests.SdosTest02 -->
    </test> <!-- Test -->
  </suite> <!-- Suite -->
</testng-results>
