<?xml version="1.0" encoding="UTF-8"?>
<testng-results skipped="0" failed="1" ignored="0" total="5" passed="4">
  <reporter-output>
  </reporter-output>
  <suite name="Default suite" duration-ms="53350" started-at="2018-11-03T13:54:10Z" finished-at="2018-11-03T13:55:04Z">
    <groups>
    </groups>
    <test name="Default test" duration-ms="53350" started-at="2018-11-03T13:54:10Z" finished-at="2018-11-03T13:55:04Z">
      <class name="tests.SdosTest01">
        <test-method status="PASS" signature="setup()[pri:0, instance:tests.SdosTest01@55f3ddb1]" name="setup" is-config="true" duration-ms="16808" started-at="2018-11-03T14:54:10Z" finished-at="2018-11-03T14:54:27Z">
          <reporter-output>
          </reporter-output>
        </test-method> <!-- setup -->
        <test-method status="PASS" signature="AbrirPaginaSdos()[pri:0, instance:tests.SdosTest01@55f3ddb1]" name="AbrirPaginaSdos" duration-ms="320" started-at="2018-11-03T14:54:27Z" finished-at="2018-11-03T14:54:27Z">
          <reporter-output>
          </reporter-output>
        </test-method> <!-- AbrirPaginaSdos -->
        <test-method status="PASS" signature="EmpleoClick()[pri:1, instance:tests.SdosTest01@55f3ddb1]" name="EmpleoClick" duration-ms="3938" started-at="2018-11-03T14:54:27Z" finished-at="2018-11-03T14:54:31Z">
          <reporter-output>
          </reporter-output>
        </test-method> <!-- EmpleoClick -->
        <test-method status="PASS" signature="NavegarApartados()[pri:2, instance:tests.SdosTest01@55f3ddb1]" name="NavegarApartados" duration-ms="17648" started-at="2018-11-03T14:54:31Z" finished-at="2018-11-03T14:54:49Z">
          <reporter-output>
          </reporter-output>
        </test-method> <!-- NavegarApartados -->
        <test-method status="PASS" signature="HacerBusqueda()[pri:3, instance:tests.SdosTest01@55f3ddb1]" name="HacerBusqueda" duration-ms="2859" started-at="2018-11-03T14:54:49Z" finished-at="2018-11-03T14:54:52Z">
          <reporter-output>
          </reporter-output>
        </test-method> <!-- HacerBusqueda -->
        <test-method status="FAIL" signature="SuscripcionClick()[pri:4, instance:tests.SdosTest01@55f3ddb1]" name="SuscripcionClick" duration-ms="8379" started-at="2018-11-03T14:54:52Z" finished-at="2018-11-03T14:55:00Z">
          <exception class="org.openqa.selenium.NoSuchElementException">
            <message>
              <![CDATA[Unable to locate element: .wpcf7\-form\-control\ wpcf7\-submit
For documentation on this error, please visit: http://seleniumhq.org/exceptions/no_such_element.html
Build info: version: '3.141.0', revision: '2ecb7d9a', time: '2018-10-31T20:22:46'
System info: host: 'DESKTOP-UTNBLA4', ip: '192.168.1.132', os.name: 'Windows 10', os.arch: 'amd64', os.version: '10.0', java.version: '1.8.0_191'
Driver info: org.openqa.selenium.firefox.FirefoxDriver
Capabilities {acceptInsecureCerts: true, browserName: firefox, browserVersion: 60.3.0, javascriptEnabled: true, moz:accessibilityChecks: false, moz:geckodriverVersion: 0.23.0, moz:headless: false, moz:processID: 5832, moz:profile: C:\Users\Victor\AppData\Loc..., moz:useNonSpecCompliantPointerOrigin: false, moz:webdriverClick: true, pageLoadStrategy: normal, platform: XP, platformName: XP, platformVersion: 10.0, rotatable: false, timeouts: {implicit: 0, pageLoad: 300000, script: 30000}}
Session ID: f5f6b9e3-ac22-454a-ae58-0a42a425c5ec
*** Element info: {Using=class name, value=wpcf7-form-control wpcf7-submit}]]>
            </message>
            <full-stacktrace>
              <![CDATA[org.openqa.selenium.NoSuchElementException: Unable to locate element: .wpcf7\-form\-control\ wpcf7\-submit
For documentation on this error, please visit: http://seleniumhq.org/exceptions/no_such_element.html
Build info: version: '3.141.0', revision: '2ecb7d9a', time: '2018-10-31T20:22:46'
System info: host: 'DESKTOP-UTNBLA4', ip: '192.168.1.132', os.name: 'Windows 10', os.arch: 'amd64', os.version: '10.0', java.version: '1.8.0_191'
Driver info: org.openqa.selenium.firefox.FirefoxDriver
Capabilities {acceptInsecureCerts: true, browserName: firefox, browserVersion: 60.3.0, javascriptEnabled: true, moz:accessibilityChecks: false, moz:geckodriverVersion: 0.23.0, moz:headless: false, moz:processID: 5832, moz:profile: C:\Users\Victor\AppData\Loc..., moz:useNonSpecCompliantPointerOrigin: false, moz:webdriverClick: true, pageLoadStrategy: normal, platform: XP, platformName: XP, platformVersion: 10.0, rotatable: false, timeouts: {implicit: 0, pageLoad: 300000, script: 30000}}
Session ID: f5f6b9e3-ac22-454a-ae58-0a42a425c5ec
*** Element info: {Using=class name, value=wpcf7-form-control wpcf7-submit}
	at sun.reflect.NativeConstructorAccessorImpl.newInstance0(Native Method)
	at sun.reflect.NativeConstructorAccessorImpl.newInstance(Unknown Source)
	at sun.reflect.DelegatingConstructorAccessorImpl.newInstance(Unknown Source)
	at java.lang.reflect.Constructor.newInstance(Unknown Source)
	at org.openqa.selenium.remote.http.W3CHttpResponseCodec.createException(W3CHttpResponseCodec.java:187)
	at org.openqa.selenium.remote.http.W3CHttpResponseCodec.decode(W3CHttpResponseCodec.java:122)
	at org.openqa.selenium.remote.http.W3CHttpResponseCodec.decode(W3CHttpResponseCodec.java:49)
	at org.openqa.selenium.remote.HttpCommandExecutor.execute(HttpCommandExecutor.java:158)
	at org.openqa.selenium.remote.service.DriverCommandExecutor.execute(DriverCommandExecutor.java:83)
	at org.openqa.selenium.remote.RemoteWebDriver.execute(RemoteWebDriver.java:552)
	at org.openqa.selenium.remote.RemoteWebDriver.findElement(RemoteWebDriver.java:323)
	at org.openqa.selenium.remote.RemoteWebDriver.findElementByClassName(RemoteWebDriver.java:412)
	at org.openqa.selenium.By$ByClassName.findElement(By.java:389)
	at org.openqa.selenium.remote.RemoteWebDriver.findElement(RemoteWebDriver.java:315)
	at pages.Navegacion.SuscripcionClick(Navegacion.java:118)
	at tests.SdosTest01.SuscripcionClick(SdosTest01.java:98)
	at sun.reflect.NativeMethodAccessorImpl.invoke0(Native Method)
	at sun.reflect.NativeMethodAccessorImpl.invoke(Unknown Source)
	at sun.reflect.DelegatingMethodAccessorImpl.invoke(Unknown Source)
	at java.lang.reflect.Method.invoke(Unknown Source)
	at org.testng.internal.MethodInvocationHelper.invokeMethod(MethodInvocationHelper.java:108)
	at org.testng.internal.Invoker.invokeMethod(Invoker.java:661)
	at org.testng.internal.Invoker.invokeTestMethod(Invoker.java:869)
	at org.testng.internal.Invoker.invokeTestMethods(Invoker.java:1193)
	at org.testng.internal.TestMethodWorker.invokeTestMethods(TestMethodWorker.java:126)
	at org.testng.internal.TestMethodWorker.run(TestMethodWorker.java:109)
	at org.testng.TestRunner.privateRun(TestRunner.java:744)
	at org.testng.TestRunner.run(TestRunner.java:602)
	at org.testng.SuiteRunner.runTest(SuiteRunner.java:380)
	at org.testng.SuiteRunner.runSequentially(SuiteRunner.java:375)
	at org.testng.SuiteRunner.privateRun(SuiteRunner.java:340)
	at org.testng.SuiteRunner.run(SuiteRunner.java:289)
	at org.testng.SuiteRunnerWorker.runSuite(SuiteRunnerWorker.java:52)
	at org.testng.SuiteRunnerWorker.run(SuiteRunnerWorker.java:86)
	at org.testng.TestNG.runSuitesSequentially(TestNG.java:1301)
	at org.testng.TestNG.runSuitesLocally(TestNG.java:1226)
	at org.testng.TestNG.runSuites(TestNG.java:1144)
	at org.testng.TestNG.run(TestNG.java:1115)
	at org.testng.remote.AbstractRemoteTestNG.run(AbstractRemoteTestNG.java:114)
	at org.testng.remote.RemoteTestNG.initAndRun(RemoteTestNG.java:251)
	at org.testng.remote.RemoteTestNG.main(RemoteTestNG.java:77)
]]>
            </full-stacktrace>
          </exception> <!-- org.openqa.selenium.NoSuchElementException -->
          <reporter-output>
          </reporter-output>
        </test-method> <!-- SuscripcionClick -->
        <test-method status="PASS" signature="tearDown()[pri:0, instance:tests.SdosTest01@55f3ddb1]" name="tearDown" is-config="true" duration-ms="3348" started-at="2018-11-03T14:55:00Z" finished-at="2018-11-03T14:55:04Z">
          <reporter-output>
          </reporter-output>
        </test-method> <!-- tearDown -->
      </class> <!-- tests.SdosTest01 -->
    </test> <!-- Default test -->
  </suite> <!-- Default suite -->
</testng-results>
